This file contains any messages produced by compilers while
running configure, to aid debugging if configure makes a mistake.

It was created by OneBrown Server configure 1.0, which was
generated by GNU Autoconf 2.69.  Invocation command line was

  $ ../configure 

## --------- ##
## Platform. ##
## --------- ##

hostname = Freddies-MacBook.local
uname -m = x86_64
uname -r = 13.0.0
uname -s = Darwin
uname -v = Darwin Kernel Version 13.0.0: Thu Sep 19 22:22:27 PDT 2013; root:xnu-2422.1.72~6/RELEASE_X86_64

/usr/bin/uname -p = i386
/bin/uname -X     = unknown

/bin/arch              = unknown
/usr/bin/arch -k       = unknown
/usr/convex/getsysinfo = unknown
/usr/bin/hostinfo      = Mach kernel version:
	 Darwin Kernel Version 13.0.0: Thu Sep 19 22:22:27 PDT 2013; root:xnu-2422.1.72~6/RELEASE_X86_64
Kernel configured for up to 2 processors.
2 processors are physically available.
2 processors are logically available.
Processor type: i486 (Intel 80486)
Processors active: 0 1
Primary memory available: 4.00 gigabytes
Default processor set: 141 tasks, 634 threads, 2 processors
Load average: 1.24, Mach factor: 0.93
/bin/machine           = unknown
/usr/bin/oslevel       = unknown
/bin/universe          = unknown

PATH: /usr/bin
PATH: /bin
PATH: /usr/sbin
PATH: /sbin
PATH: /usr/local/bin
PATH: /opt/X11/bin
PATH: /usr/texbin


## ----------- ##
## Core tests. ##
## ----------- ##

configure:1928: checking for a BSD-compatible install
configure:1996: result: /usr/bin/install -c
configure:2007: checking whether build environment is sane
configure:2062: result: yes
configure:2213: checking for a thread-safe mkdir -p
configure:2252: result: ../install-sh -c -d
configure:2259: checking for gawk
configure:2289: result: no
configure:2259: checking for mawk
configure:2289: result: no
configure:2259: checking for nawk
configure:2289: result: no
configure:2259: checking for awk
configure:2275: found /usr/bin/awk
configure:2286: result: awk
configure:2297: checking whether make sets $(MAKE)
configure:2319: result: yes
configure:2348: checking whether make supports nested variables
configure:2365: result: yes
configure:2540: checking for g++
configure:2556: found /usr/local/bin/g++
configure:2567: result: g++
configure:2594: checking for C++ compiler version
configure:2603: g++ --version >&5
g++ (GCC) 4.8.2
Copyright (C) 2013 Free Software Foundation, Inc.
This is free software; see the source for copying conditions.  There is NO
warranty; not even for MERCHANTABILITY or FITNESS FOR A PARTICULAR PURPOSE.

configure:2614: $? = 0
configure:2603: g++ -v >&5
Using built-in specs.
COLLECT_GCC=g++
COLLECT_LTO_WRAPPER=/usr/local/Cellar/gcc48/4.8.2/libexec/gcc/x86_64-apple-darwin13.0.0/4.8.2/lto-wrapper
Target: x86_64-apple-darwin13.0.0
Configured with: ../configure --build=x86_64-apple-darwin13.0.0 --prefix=/usr/local/Cellar/gcc48/4.8.2 --enable-languages=c,c++,objc,obj-c++ --program-suffix=-4.8 --with-gmp=/usr/local/opt/gmp4 --with-mpfr=/usr/local/opt/mpfr2 --with-mpc=/usr/local/opt/libmpc08 --with-cloog=/usr/local/opt/cloog018 --with-isl=/usr/local/opt/isl011 --with-system-zlib --enable-version-specific-runtime-libs --enable-libstdcxx-time=yes --enable-stage1-checking --enable-checking=release --enable-lto --disable-werror --enable-plugin --disable-nls --disable-multilib
Thread model: posix
gcc version 4.8.2 (GCC) 
configure:2614: $? = 0
configure:2603: g++ -V >&5
g++: error: unrecognized command line option '-V'
g++: fatal error: no input files
compilation terminated.
configure:2614: $? = 1
configure:2603: g++ -qversion >&5
g++: error: unrecognized command line option '-qversion'
g++: fatal error: no input files
compilation terminated.
configure:2614: $? = 1
configure:2634: checking whether the C++ compiler works
configure:2656: g++    conftest.cpp  >&5
configure:2660: $? = 0
configure:2708: result: yes
configure:2711: checking for C++ compiler default output file name
configure:2713: result: a.out
configure:2719: checking for suffix of executables
configure:2726: g++ -o conftest    conftest.cpp  >&5
configure:2730: $? = 0
configure:2752: result: 
configure:2774: checking whether we are cross compiling
configure:2782: g++ -o conftest    conftest.cpp  >&5
configure:2786: $? = 0
configure:2793: ./conftest
configure:2797: $? = 0
configure:2812: result: no
configure:2817: checking for suffix of object files
configure:2839: g++ -c   conftest.cpp >&5
configure:2843: $? = 0
configure:2864: result: o
configure:2868: checking whether we are using the GNU C++ compiler
configure:2887: g++ -c   conftest.cpp >&5
configure:2887: $? = 0
configure:2896: result: yes
configure:2905: checking whether g++ accepts -g
configure:2925: g++ -c -g  conftest.cpp >&5
configure:2925: $? = 0
configure:2966: result: yes
configure:3000: checking for style of include used by make
configure:3028: result: GNU
configure:3054: checking dependency style of g++
configure:3165: result: gcc3
configure:3231: checking for gcc
configure:3247: found /usr/local/bin/gcc
configure:3258: result: gcc
configure:3487: checking for C compiler version
configure:3496: gcc --version >&5
gcc (GCC) 4.8.2
Copyright (C) 2013 Free Software Foundation, Inc.
This is free software; see the source for copying conditions.  There is NO
warranty; not even for MERCHANTABILITY or FITNESS FOR A PARTICULAR PURPOSE.

configure:3507: $? = 0
configure:3496: gcc -v >&5
Using built-in specs.
COLLECT_GCC=gcc
COLLECT_LTO_WRAPPER=/usr/local/Cellar/gcc48/4.8.2/libexec/gcc/x86_64-apple-darwin13.0.0/4.8.2/lto-wrapper
Target: x86_64-apple-darwin13.0.0
Configured with: ../configure --build=x86_64-apple-darwin13.0.0 --prefix=/usr/local/Cellar/gcc48/4.8.2 --enable-languages=c,c++,objc,obj-c++ --program-suffix=-4.8 --with-gmp=/usr/local/opt/gmp4 --with-mpfr=/usr/local/opt/mpfr2 --with-mpc=/usr/local/opt/libmpc08 --with-cloog=/usr/local/opt/cloog018 --with-isl=/usr/local/opt/isl011 --with-system-zlib --enable-version-specific-runtime-libs --enable-libstdcxx-time=yes --enable-stage1-checking --enable-checking=release --enable-lto --disable-werror --enable-plugin --disable-nls --disable-multilib
Thread model: posix
gcc version 4.8.2 (GCC) 
configure:3507: $? = 0
configure:3496: gcc -V >&5
gcc: error: unrecognized command line option '-V'
gcc: fatal error: no input files
compilation terminated.
configure:3507: $? = 1
configure:3496: gcc -qversion >&5
gcc: error: unrecognized command line option '-qversion'
gcc: fatal error: no input files
compilation terminated.
configure:3507: $? = 1
configure:3511: checking whether we are using the GNU C compiler
configure:3530: gcc -c   conftest.c >&5
configure:3530: $? = 0
configure:3539: result: yes
configure:3548: checking whether gcc accepts -g
configure:3568: gcc -c -g  conftest.c >&5
configure:3568: $? = 0
configure:3609: result: yes
configure:3626: checking for gcc option to accept ISO C89
configure:3689: gcc  -c -g -O2  conftest.c >&5
configure:3689: $? = 0
configure:3702: result: none needed
configure:3727: checking whether gcc understands -c and -o together
configure:3749: gcc -c conftest.c -o conftest2.o
configure:3752: $? = 0
configure:3749: gcc -c conftest.c -o conftest2.o
configure:3752: $? = 0
configure:3764: result: yes
configure:3783: checking dependency style of gcc
configure:3894: result: gcc3
configure:3910: checking for main in -lmysqlcppconn
configure:3929: gcc -o conftest -g -O2   conftest.c -lmysqlcppconn   >&5
configure:3929: $? = 0
configure:3938: result: yes
configure:3957: checking for main in -ljson
configure:3976: gcc -o conftest -g -O2   conftest.c -ljson  -lmysqlcppconn  >&5
configure:3976: $? = 0
configure:3985: result: yes
configure:4004: checking for main in -lssl
configure:4023: gcc -o conftest -g -O2   conftest.c -lssl  -ljson -lmysqlcppconn  >&5
configure:4023: $? = 0
configure:4032: result: yes
configure:4051: checking for main in -lcrypto
configure:4070: gcc -o conftest -g -O2   conftest.c -lcrypto  -lssl -ljson -lmysqlcppconn  >&5
configure:4070: $? = 0
configure:4079: result: yes
configure:4244: checking that generated files are newer than configure
configure:4250: result: done
configure:4277: creating ./config.status

## ---------------------- ##
## Running config.status. ##
## ---------------------- ##

This file was extended by OneBrown Server config.status 1.0, which was
generated by GNU Autoconf 2.69.  Invocation command line was

  CONFIG_FILES    = 
  CONFIG_HEADERS  = 
  CONFIG_LINKS    = 
  CONFIG_COMMANDS = 
  $ ./config.status 

on Freddies-MacBook.local

config.status:780: creating Makefile
config.status:937: executing depfiles commands

## ---------------- ##
## Cache variables. ##
## ---------------- ##

ac_cv_c_compiler_gnu=yes
ac_cv_cxx_compiler_gnu=yes
ac_cv_env_CCC_set=
ac_cv_env_CCC_value=
ac_cv_env_CC_set=
ac_cv_env_CC_value=
ac_cv_env_CFLAGS_set=
ac_cv_env_CFLAGS_value=
ac_cv_env_CPPFLAGS_set=
ac_cv_env_CPPFLAGS_value=
ac_cv_env_CXXFLAGS_set=
ac_cv_env_CXXFLAGS_value=
ac_cv_env_CXX_set=
ac_cv_env_CXX_value=
ac_cv_env_LDFLAGS_set=
ac_cv_env_LDFLAGS_value=
ac_cv_env_LIBS_set=
ac_cv_env_LIBS_value=
ac_cv_env_build_alias_set=
ac_cv_env_build_alias_value=
ac_cv_env_host_alias_set=
ac_cv_env_host_alias_value=
ac_cv_env_target_alias_set=
ac_cv_env_target_alias_value=
ac_cv_lib_crypto_main=yes
ac_cv_lib_json_main=yes
ac_cv_lib_mysqlcppconn_main=yes
ac_cv_lib_ssl_main=yes
ac_cv_objext=o
ac_cv_path_install='/usr/bin/install -c'
ac_cv_prog_AWK=awk
ac_cv_prog_ac_ct_CC=gcc
ac_cv_prog_ac_ct_CXX=g++
ac_cv_prog_cc_c89=
ac_cv_prog_cc_g=yes
ac_cv_prog_cxx_g=yes
ac_cv_prog_make_make_set=yes
am_cv_CC_dependencies_compiler_type=gcc3
am_cv_CXX_dependencies_compiler_type=gcc3
am_cv_make_support_nested_variables=yes
am_cv_prog_cc_c_o=yes

## ----------------- ##
## Output variables. ##
## ----------------- ##

ACLOCAL='${SHELL} /Users/freddierice/Desktop/OneBrown/server/missing aclocal-1.14'
AMDEPBACKSLASH='\'
AMDEP_FALSE='#'
AMDEP_TRUE=''
AMTAR='$${TAR-tar}'
AM_BACKSLASH='\'
AM_DEFAULT_V='$(AM_DEFAULT_VERBOSITY)'
AM_DEFAULT_VERBOSITY='1'
AM_V='$(V)'
AUTOCONF='${SHELL} /Users/freddierice/Desktop/OneBrown/server/missing autoconf'
AUTOHEADER='${SHELL} /Users/freddierice/Desktop/OneBrown/server/missing autoheader'
AUTOMAKE='${SHELL} /Users/freddierice/Desktop/OneBrown/server/missing automake-1.14'
AWK='awk'
CC='gcc'
CCDEPMODE='depmode=gcc3'
CFLAGS='-g -O2'
CPPFLAGS=''
CXX='g++'
CXXDEPMODE='depmode=gcc3'
CXXFLAGS='-g -O2 -std=c++11'
CYGPATH_W='echo'
DEFS='-DPACKAGE_NAME=\"OneBrown\ Server\" -DPACKAGE_TARNAME=\"onebrown\" -DPACKAGE_VERSION=\"1.0\" -DPACKAGE_STRING=\"OneBrown\ Server\ 1.0\" -DPACKAGE_BUGREPORT=\"OneBrownNetwork@gmail.com\" -DPACKAGE_URL=\"http://www.OneBrownNetwork.com/\" -DHAVE_LIBMYSQLCPPCONN=1 -DHAVE_LIBJSON=1 -DHAVE_LIBSSL=1 -DHAVE_LIBCRYPTO=1'
DEPDIR='.deps'
ECHO_C='\c'
ECHO_N=''
ECHO_T=''
EXEEXT=''
INSTALL_DATA='${INSTALL} -m 644'
INSTALL_PROGRAM='${INSTALL}'
INSTALL_SCRIPT='${INSTALL}'
INSTALL_STRIP_PROGRAM='$(install_sh) -c -s'
LDFLAGS=''
LIBOBJS=''
LIBS='-lcrypto -lssl -ljson -lmysqlcppconn '
LTLIBOBJS=''
MAKEINFO='${SHELL} /Users/freddierice/Desktop/OneBrown/server/missing makeinfo'
MKDIR_P='../install-sh -c -d'
OBJEXT='o'
PACKAGE='onebrown'
PACKAGE_BUGREPORT='OneBrownNetwork@gmail.com'
PACKAGE_NAME='OneBrown Server'
PACKAGE_STRING='OneBrown Server 1.0'
PACKAGE_TARNAME='onebrown'
PACKAGE_URL='http://www.OneBrownNetwork.com/'
PACKAGE_VERSION='1.0'
PATH_SEPARATOR=':'
SET_MAKE=''
SHELL='/bin/sh'
STRIP=''
VERSION='1.0'
ac_ct_CC='gcc'
ac_ct_CXX='g++'
am__EXEEXT_FALSE=''
am__EXEEXT_TRUE='#'
am__fastdepCC_FALSE='#'
am__fastdepCC_TRUE=''
am__fastdepCXX_FALSE='#'
am__fastdepCXX_TRUE=''
am__include='include'
am__isrc=' -I$(srcdir)'
am__leading_dot='.'
am__nodep='_no'
am__quote=''
am__tar='$${TAR-tar} chof - "$$tardir"'
am__untar='$${TAR-tar} xf -'
bindir='${exec_prefix}/bin'
build_alias=''
datadir='${datarootdir}'
datarootdir='${prefix}/share'
docdir='${datarootdir}/doc/${PACKAGE_TARNAME}'
dvidir='${docdir}'
exec_prefix='${prefix}'
host_alias=''
htmldir='${docdir}'
includedir='${prefix}/include'
infodir='${datarootdir}/info'
install_sh='${SHELL} /Users/freddierice/Desktop/OneBrown/server/install-sh'
libdir='${exec_prefix}/lib'
libexecdir='${exec_prefix}/libexec'
localedir='${datarootdir}/locale'
localstatedir='${prefix}/var'
mandir='${datarootdir}/man'
mkdir_p='$(MKDIR_P)'
oldincludedir='/usr/include'
pdfdir='${docdir}'
prefix='/usr/local'
program_transform_name='s,x,x,'
psdir='${docdir}'
sbindir='${exec_prefix}/sbin'
sharedstatedir='${prefix}/com'
sysconfdir='${prefix}/etc'
target_alias=''

## ----------- ##
## confdefs.h. ##
## ----------- ##

/* confdefs.h */
#define PACKAGE_NAME "OneBrown Server"
#define PACKAGE_TARNAME "onebrown"
#define PACKAGE_VERSION "1.0"
#define PACKAGE_STRING "OneBrown Server 1.0"
#define PACKAGE_BUGREPORT "OneBrownNetwork@gmail.com"
#define PACKAGE_URL "http://www.OneBrownNetwork.com/"
#define HAVE_LIBMYSQLCPPCONN 1
#define HAVE_LIBJSON 1
#define HAVE_LIBSSL 1
#define HAVE_LIBCRYPTO 1

configure: exit 0
